[2019-02-07 오후 4:31:26] Start watchdog Program
[2019-02-07 오후 4:33:08] Start watchdog Program
[2019-02-07 오후 4:33:11] CPU Usage 100%
[2019-02-07 오후 4:33:14] CPU Usage 51.01082%
[2019-02-07 오후 4:33:23] CPU Usage 2.075656%
[2019-02-07 오후 4:33:26] CPU Usage 100%
[2019-02-07 오후 4:33:32] CPU Usage 100%
[2019-02-07 오후 4:33:45] CPU Usage 100%
[2019-02-07 오후 4:34:12] Start watchdog Program
[2019-02-07 오후 4:34:16] CPU Usage 100%
[2019-02-07 오후 4:35:24] Start watchdog Program
[2019-02-07 오후 4:36:45] Start watchdog Program
[2019-02-07 오후 4:41:10] Start watchdog Program
[2019-02-07 오후 4:43:00] Start watchdog Program
[2019-02-07 오후 4:43:09] Shutdown watchdog Program
[2019-02-07 오후 4:43:09] Shutdown watchdog Program
[2019-02-07 오후 4:44:08] Start watchdog Program
[2019-02-07 오후 4:44:10] AnyDesk : About
[2019-02-07 오후 4:44:17] AnyDesk : About
[2019-02-07 오후 4:44:24] AnyDesk : About
[2019-02-07 오후 4:44:30] AnyDesk : About
[2019-02-07 오후 4:44:37] AnyDesk : About
[2019-02-07 오후 4:44:44] AnyDesk : About
[2019-02-07 오후 4:44:50] AnyDesk : About
[2019-02-07 오후 4:44:57] Shutdown watchdog Program
[2019-02-07 오후 4:45:12] Start watchdog Program
[2019-02-07 오후 4:45:14] AnyDesk : About
[2019-02-07 오후 4:45:20] AnyDesk : About
[2019-02-07 오후 4:45:26] CPU Usage 100%
[2019-02-07 오후 4:45:27] AnyDesk : About
[2019-02-07 오후 4:45:29] CPU Usage 100%
[2019-02-07 오후 4:45:34] AnyDesk : About
[2019-02-07 오후 4:45:40] AnyDesk : About
[2019-02-07 오후 4:45:47] AnyDesk : About
[2019-02-07 오후 4:45:54] AnyDesk : About
[2019-02-07 오후 4:46:00] AnyDesk : About
[2019-02-07 오후 4:46:06] AnyDesk : About
[2019-02-07 오후 4:46:13] AnyDesk : About
[2019-02-07 오후 4:46:19] Start watchdog Program
[2019-02-07 오후 4:46:19] AnyDesk : About
[2019-02-07 오후 4:46:20] Test : About
[2019-02-07 오후 4:46:26] AnyDesk : About
[2019-02-07 오후 4:46:27] Test : About
[2019-02-07 오후 4:46:33] AnyDesk : About
[2019-02-07 오후 4:46:33] Test : About
[2019-02-07 오후 4:46:39] AnyDesk : About
[2019-02-07 오후 4:46:40] Test : About
[2019-02-07 오후 4:46:46] AnyDesk : About
[2019-02-07 오후 4:46:46] Test : About
[2019-02-07 오후 4:46:52] AnyDesk : About
[2019-02-07 오후 4:46:53] Test : About
[2019-02-07 오후 4:46:56] Shutdown watchdog Program
[2019-02-07 오후 4:46:56] Shutdown watchdog Program
[2019-02-07 오후 4:47:02] Shutdown watchdog Program
[2019-02-07 오후 4:47:02] Shutdown watchdog Program
[2019-02-07 오후 5:14:52] Start watchdog Program
[2019-02-07 오후 5:14:54] Test : About
[2019-02-07 오후 5:15:01] Test : About
[2019-02-07 오후 5:15:07] Shutdown watchdog Program
[2019-02-07 오후 5:15:07] Shutdown watchdog Program
[2019-02-07 오후 5:20:13] Start watchdog Program
[2019-02-07 오후 5:23:58] Start watchdog Program
[2019-02-07 오후 5:24:00] AnyDesk : About
[2019-02-07 오후 5:24:01] run : D:\Download\AnyDesk.exe
[2019-02-07 오후 5:24:14] AnyDesk : About
[2019-02-07 오후 5:24:14] run : D:\Download\AnyDesk.exe
[2019-02-07 오후 5:24:16] Shutdown watchdog Program
[2019-02-07 오후 5:24:16] Shutdown watchdog Program
[2019-02-07 오후 5:55:05] Start watchdog Program
[2019-02-07 오후 5:55:07] AnyDesk : About
[2019-02-07 오후 5:55:08] run : D:\Download\AnyDesk.exe
[2019-02-07 오후 5:55:34] AnyDesk : About
[2019-02-07 오후 5:55:35] run : D:\Download\AnyDesk.exe
[2019-02-07 오후 5:55:42] AnyDesk : About
[2019-02-07 오후 5:55:44] run : D:\Download\AnyDesk.exe
[2019-02-07 오후 5:55:58] Shutdown watchdog Program
[2019-02-07 오후 5:55:58] Shutdown watchdog Program
[2019-02-07 오후 5:57:55] Start watchdog Program
[2019-02-07 오후 5:57:57] AnyDesk : About
[2019-02-07 오후 5:57:58] run : D:\Download\AnyDesk.exe
[2019-02-07 오후 5:59:35] Shutdown watchdog Program
[2019-02-07 오후 5:59:35] Shutdown watchdog Program
[2019-02-07 오후 6:01:04] Start watchdog Program
[2019-02-07 오후 6:01:06] Test : About
[2019-02-07 오후 6:01:13] Test : About
[2019-02-07 오후 6:01:19] Test : About
[2019-02-07 오후 6:01:26] Test : About
[2019-02-07 오후 6:01:29] Shutdown watchdog Program
[2019-02-07 오후 6:01:29] Shutdown watchdog Program
[2019-02-07 오후 6:13:29] Start watchdog Program
[2019-02-07 오후 6:13:31] Test : About
[2019-02-07 오후 6:13:37] Test : About
[2019-02-07 오후 6:13:44] Test : About
[2019-02-07 오후 6:13:50] Test : About
[2019-02-07 오후 6:13:53] Shutdown watchdog Program
[2019-02-07 오후 6:13:53] Shutdown watchdog Program
