[2019-05-10 오전 10:47:17] Start watchdog Program
[2019-05-10 오전 10:47:19] Test : About
[2019-05-10 오전 10:47:25] Test : About
[2019-05-10 오전 10:47:46] Start watchdog Program
[2019-05-10 오전 10:47:48] Test : About
[2019-05-10 오전 10:56:07] Start watchdog Program
[2019-05-10 오전 10:56:09] Test : About
[2019-05-10 오전 10:56:48] Start watchdog Program
[2019-05-10 오전 10:56:50] Test : About
[2019-05-10 오전 11:00:37] Start watchdog Program
[2019-05-10 오전 11:00:38] Test : About
[2019-05-10 오전 11:08:42] Start watchdog Program
[2019-05-10 오전 11:08:44] Test : About
[2019-05-10 오전 11:08:50] Test : About
[2019-05-10 오전 11:08:57] Test : About
[2019-05-10 오전 11:09:03] Test : About
[2019-05-10 오전 11:09:10] Test : About
[2019-05-10 오전 11:09:16] Test : About
[2019-05-10 오전 11:09:23] Test : About
[2019-05-10 오전 11:09:29] Test : About
[2019-05-10 오전 11:09:36] Test : About
[2019-05-10 오전 11:09:43] Test : About
[2019-05-10 오전 11:09:49] Test : About
[2019-05-10 오전 11:09:56] Test : About
[2019-05-10 오전 11:10:02] Test : About
[2019-05-10 오전 11:10:09] Test : About
[2019-05-10 오전 11:10:15] Test : About
[2019-05-10 오전 11:10:22] Test : About
[2019-05-10 오전 11:10:29] Test : About
[2019-05-10 오전 11:10:51] Start watchdog Program
[2019-05-10 오전 11:10:53] Test : About
[2019-05-10 오전 11:11:00] Test : About
[2019-05-10 오전 11:11:06] Test : About
[2019-05-10 오전 11:11:13] Test : About
[2019-05-10 오전 11:11:19] Test : About
[2019-05-10 오전 11:11:26] Test : About
[2019-05-10 오전 11:11:32] Test : About
[2019-05-10 오전 11:11:39] Test : About
[2019-05-10 오전 11:11:45] Test : About
[2019-05-10 오전 11:11:52] Test : About
[2019-05-10 오전 11:11:58] Test : About
[2019-05-10 오전 11:12:05] Test : About
[2019-05-10 오전 11:12:12] Test : About
[2019-05-10 오전 11:12:18] Test : About
[2019-05-10 오전 11:12:25] Test : About
[2019-05-10 오전 11:17:29] Start watchdog Program
[2019-05-10 오전 11:17:31] Test : About
[2019-05-10 오전 11:17:37] Test : About
[2019-05-10 오전 11:17:44] Test : About
[2019-05-10 오전 11:17:50] Test : About
[2019-05-10 오전 11:17:57] Test : About
[2019-05-10 오전 11:18:04] Test : About
[2019-05-10 오전 11:18:10] Test : About
[2019-05-10 오전 11:18:17] Test : About
[2019-05-10 오전 11:18:23] Test : About
[2019-05-10 오전 11:18:30] Test : About
[2019-05-10 오전 11:18:36] Test : About
[2019-05-10 오전 11:18:43] Test : About
[2019-05-10 오전 11:18:49] Test : About
[2019-05-10 오전 11:19:46] Start watchdog Program
[2019-05-10 오전 11:19:49] Test : About
[2019-05-10 오전 11:19:55] Test : About
[2019-05-10 오전 11:20:02] Test : About
[2019-05-10 오전 11:20:09] Test : About
[2019-05-10 오전 11:27:42] Start watchdog Program
[2019-05-10 오전 11:27:44] Test : About
[2019-05-10 오전 11:27:51] Test : About
[2019-05-10 오전 11:27:57] Test : About
[2019-05-10 오전 11:28:04] Test : About
[2019-05-10 오전 11:28:10] Test : About
[2019-05-10 오전 11:28:17] Test : About
[2019-05-10 오전 11:28:24] Test : About
[2019-05-10 오전 11:28:30] Test : About
[2019-05-10 오전 11:28:37] Test : About
[2019-05-10 오전 11:28:43] Test : About
[2019-05-10 오전 11:28:50] Test : About
[2019-05-10 오전 11:28:57] Test : About
[2019-05-10 오전 11:29:05] CPU Usage 97.07295%
[2019-05-10 오전 11:29:09] CPU Usage 94.22169%
[2019-05-10 오전 11:29:09] Test : About
[2019-05-10 오전 11:29:12] CPU Usage 100%
[2019-05-10 오전 11:29:15] CPU Usage 100%
[2019-05-10 오전 11:29:16] Test : About
[2019-05-10 오전 11:29:18] CPU Usage 100%
[2019-05-10 오전 11:29:21] CPU Usage 99.09103%
[2019-05-10 오전 11:29:22] Test : About
[2019-05-10 오전 11:29:29] Test : About
[2019-05-10 오전 11:29:36] Test : About
[2019-05-10 오전 11:32:37] Start watchdog Program
[2019-05-10 오전 11:32:39] Test : About
[2019-05-10 오전 11:32:46] Test : About
[2019-05-10 오후 1:08:38] Start watchdog Program
[2019-05-10 오후 1:08:40] Test : About
[2019-05-10 오후 1:08:54] Start watchdog Program
[2019-05-10 오후 1:08:56] Test : About
[2019-05-10 오후 1:09:03] Test : About
[2019-05-10 오후 1:09:10] Test : About
[2019-05-10 오후 1:09:16] Test : About
[2019-05-10 오후 1:09:23] Test : About
[2019-05-10 오후 1:09:30] Test : About
[2019-05-10 오후 1:09:36] Test : About
[2019-05-10 오후 1:09:43] Test : About
[2019-05-10 오후 1:09:49] Test : About
[2019-05-10 오후 1:09:56] Test : About
[2019-05-10 오후 1:10:03] Test : About
[2019-05-10 오후 1:10:09] Test : About
[2019-05-10 오후 1:10:16] Test : About
[2019-05-10 오후 1:10:23] Test : About
[2019-05-10 오후 1:10:29] Test : About
[2019-05-10 오후 1:10:36] Test : About
[2019-05-10 오후 1:10:42] Test : About
[2019-05-10 오후 1:10:49] Test : About
[2019-05-10 오후 1:10:55] Test : About
[2019-05-10 오후 1:11:02] Test : About
[2019-05-10 오후 1:11:09] Test : About
[2019-05-10 오후 1:11:15] Test : About
[2019-05-10 오후 1:11:22] Test : About
[2019-05-10 오후 1:11:28] Test : About
[2019-05-10 오후 1:11:35] Test : About
[2019-05-10 오후 1:11:41] Test : About
[2019-05-10 오후 1:11:48] Test : About
[2019-05-10 오후 1:11:55] Test : About
[2019-05-10 오후 1:15:19] Start watchdog Program
[2019-05-10 오후 1:15:21] Test : About
[2019-05-10 오후 1:15:36] Start watchdog Program
[2019-05-10 오후 1:17:31] Start watchdog Program
[2019-05-10 오후 1:17:51] Start watchdog Program
[2019-05-10 오후 1:18:46] Start watchdog Program
[2019-05-10 오후 1:21:01] Start watchdog Program
[2019-05-10 오후 1:21:28] Start watchdog Program
[2019-05-10 오후 1:40:26] Start watchdog Program
[2019-05-10 오후 1:44:36] Start watchdog Program
[2019-05-10 오후 2:16:29] Start watchdog Program
[2019-05-10 오후 2:18:58] Start watchdog Program
[2019-05-10 오후 2:19:21] CPU Usage 98.83479%
[2019-05-10 오후 2:19:24] CPU Usage 100%
[2019-05-10 오후 2:19:27] CPU Usage 99.74132%
[2019-05-10 오후 2:19:30] CPU Usage 94.18449%
[2019-05-10 오후 2:19:57] CPU Usage 91.80314%
[2019-05-10 오후 2:43:09] Start watchdog Program
[2019-05-10 오후 2:44:12] Start watchdog Program
[2019-05-10 오후 2:45:02] Start watchdog Program
[2019-05-10 오후 2:46:15] Start watchdog Program
[2019-05-10 오후 2:47:48] Start watchdog Program
[2019-05-10 오후 2:48:22] Start watchdog Program
[2019-05-10 오후 2:54:04] Start watchdog Program
[2019-05-10 오후 3:50:16] Start watchdog Program
[2019-05-10 오후 3:50:32] CPU Usage 100%
[2019-05-10 오후 3:50:35] CPU Usage 100%
[2019-05-10 오후 3:50:38] CPU Usage 100%
[2019-05-10 오후 3:50:41] CPU Usage 100%
[2019-05-10 오후 3:50:44] CPU Usage 100%
[2019-05-10 오후 3:50:47] CPU Usage 100%
[2019-05-10 오후 3:50:50] CPU Usage 100%
[2019-05-10 오후 3:50:53] CPU Usage 100%
[2019-05-10 오후 3:50:56] CPU Usage 99.3502%
[2019-05-10 오후 3:52:02] CPU Usage 100%
[2019-05-10 오후 3:52:21] CPU Usage 90.50362%
[2019-05-10 오후 3:54:15] CPU Usage 94.30249%
[2019-05-10 오후 3:55:33] Start watchdog Program
