[2019-05-08 오후 2:08:15] Start watchdog Program
[2019-05-08 오후 2:08:46] Start watchdog Program
[2019-05-08 오후 2:08:50] Test : About
[2019-05-08 오후 2:08:57] Test : About
[2019-05-08 오후 2:09:04] Test : About
[2019-05-08 오후 2:09:10] Test : About
[2019-05-08 오후 2:15:24] Start watchdog Program
[2019-05-08 오후 2:15:26] Test : About
[2019-05-08 오후 2:15:31] Memory Available 867%
[2019-05-08 오후 2:15:33] Test : About
[2019-05-08 오후 2:15:34] CPU Usage 100%
[2019-05-08 오후 2:15:34] Memory Available 862%
[2019-05-08 오후 2:15:37] CPU Usage 99.24226%
[2019-05-08 오후 2:15:37] Memory Available 839%
[2019-05-08 오후 2:15:40] Memory Available 837%
[2019-05-08 오후 2:15:40] Test : About
[2019-05-08 오후 2:15:43] Memory Available 827%
[2019-05-08 오후 2:15:46] Memory Available 828%
[2019-05-08 오후 2:15:48] Test : About
[2019-05-08 오후 2:15:49] Memory Available 807%
[2019-05-08 오후 2:15:53] Memory Available 836%
[2019-05-08 오후 2:15:55] Test : About
[2019-05-08 오후 2:15:56] Memory Available 831%
[2019-05-08 오후 2:15:59] Memory Available 837%
[2019-05-08 오후 2:16:01] Test : About
[2019-05-08 오후 2:16:02] Memory Available 840%
[2019-05-08 오후 2:16:05] Memory Available 839%
[2019-05-08 오후 2:16:08] Memory Available 835%
[2019-05-08 오후 2:16:08] Test : About
[2019-05-08 오후 2:16:11] Memory Available 828%
[2019-05-08 오후 2:18:55] Start watchdog Program
[2019-05-08 오후 2:18:57] Test : About
[2019-05-08 오후 2:18:58] Memory Available 799%
[2019-05-08 오후 2:19:03] Test : About
[2019-05-08 오후 2:19:10] Test : About
[2019-05-08 오후 2:19:16] Test : About
[2019-05-08 오후 2:19:23] Test : About
[2019-05-08 오후 2:19:30] Test : About
[2019-05-08 오후 2:19:36] Test : About
[2019-05-08 오후 2:19:43] Test : About
[2019-05-08 오후 2:19:49] Test : About
[2019-05-08 오후 2:19:56] Test : About
[2019-05-08 오후 2:20:03] Test : About
[2019-05-08 오후 2:20:09] Test : About
[2019-05-08 오후 2:20:16] Test : About
[2019-05-08 오후 2:20:22] Test : About
[2019-05-08 오후 2:20:29] Test : About
[2019-05-08 오후 2:20:35] Test : About
[2019-05-08 오후 2:20:42] Test : About
[2019-05-08 오후 2:20:48] Test : About
[2019-05-08 오후 2:20:55] Test : About
[2019-05-08 오후 2:21:01] Test : About
[2019-05-08 오후 2:21:08] Test : About
[2019-05-08 오후 2:21:14] Test : About
[2019-05-08 오후 2:21:21] Test : About
[2019-05-08 오후 2:21:27] Test : About
[2019-05-08 오후 2:21:34] Test : About
[2019-05-08 오후 2:21:40] Test : About
[2019-05-08 오후 2:21:47] Test : About
[2019-05-08 오후 2:21:53] Test : About
[2019-05-08 오후 2:22:00] Test : About
[2019-05-08 오후 2:22:06] Test : About
[2019-05-08 오후 2:22:13] Test : About
[2019-05-08 오후 2:22:19] Test : About
[2019-05-08 오후 2:22:26] Test : About
[2019-05-08 오후 2:22:32] Test : About
[2019-05-08 오후 2:22:39] Test : About
[2019-05-08 오후 2:22:46] Test : About
[2019-05-08 오후 2:22:50] Memory Available 995%
[2019-05-08 오후 2:22:52] Test : About
[2019-05-08 오후 2:22:53] Memory Available 993%
[2019-05-08 오후 2:22:56] Memory Available 984%
[2019-05-08 오후 2:22:59] Test : About
[2019-05-08 오후 2:23:05] Test : About
[2019-05-08 오후 2:23:12] Test : About
[2019-05-08 오후 2:23:18] Test : About
[2019-05-08 오후 2:23:25] Test : About
[2019-05-08 오후 2:23:31] Test : About
[2019-05-08 오후 2:23:38] Test : About
[2019-05-08 오후 2:23:44] Test : About
[2019-05-08 오후 2:23:51] Test : About
[2019-05-08 오후 2:23:57] Test : About
[2019-05-08 오후 2:24:04] Test : About
[2019-05-08 오후 2:24:10] Test : About
[2019-05-08 오후 2:24:17] Test : About
[2019-05-08 오후 2:24:23] Test : About
[2019-05-08 오후 2:24:30] Test : About
[2019-05-08 오후 2:24:36] Test : About
[2019-05-08 오후 2:24:43] Test : About
[2019-05-08 오후 2:24:49] Test : About
[2019-05-08 오후 2:24:56] Test : About
[2019-05-08 오후 2:25:02] Test : About
[2019-05-08 오후 2:25:09] Test : About
[2019-05-08 오후 2:25:11] CPU Usage 97.14095%
[2019-05-08 오후 2:25:11] Memory Available 978%
[2019-05-08 오후 2:25:14] CPU Usage 97.02027%
[2019-05-08 오후 2:25:16] Test : About
[2019-05-08 오후 2:25:17] CPU Usage 91.17886%
[2019-05-08 오후 2:25:23] Test : About
[2019-05-08 오후 2:25:31] Test : About
[2019-05-08 오후 2:25:32] CPU Usage 94.94536%
[2019-05-08 오후 2:25:38] Test : About
[2019-05-08 오후 2:25:39] CPU Usage 95.68475%
[2019-05-08 오후 2:25:39] Memory Available 994%
[2019-05-08 오후 2:25:42] Memory Available 990%
[2019-05-08 오후 2:25:45] Test : About
[2019-05-08 오후 2:25:52] Test : About
[2019-05-08 오후 2:25:58] Test : About
[2019-05-08 오후 2:26:05] Test : About
[2019-05-08 오후 2:26:11] Test : About
[2019-05-08 오후 2:26:18] Test : About
[2019-05-08 오후 2:26:24] Test : About
[2019-05-08 오후 2:26:31] Test : About
[2019-05-08 오후 2:26:37] Test : About
[2019-05-08 오후 2:26:44] Test : About
[2019-05-08 오후 2:26:50] Test : About
[2019-05-08 오후 2:26:57] Test : About
[2019-05-08 오후 2:27:03] Test : About
[2019-05-08 오후 2:27:10] Test : About
[2019-05-08 오후 2:27:16] Test : About
[2019-05-08 오후 2:27:23] Test : About
[2019-05-08 오후 2:27:29] Test : About
[2019-05-08 오후 2:27:36] Test : About
[2019-05-08 오후 2:27:42] Test : About
[2019-05-08 오후 2:27:49] Test : About
[2019-05-08 오후 2:27:55] Test : About
[2019-05-08 오후 2:28:02] Test : About
[2019-05-08 오후 2:28:08] Test : About
[2019-05-08 오후 2:28:15] Test : About
[2019-05-08 오후 2:28:21] Test : About
[2019-05-08 오후 2:28:28] Test : About
[2019-05-08 오후 2:28:34] Test : About
[2019-05-08 오후 2:28:41] Test : About
[2019-05-08 오후 2:28:47] Test : About
[2019-05-08 오후 2:28:54] Test : About
[2019-05-08 오후 2:29:00] Test : About
[2019-05-08 오후 2:29:07] Test : About
[2019-05-08 오후 2:29:13] Test : About
[2019-05-08 오후 2:29:20] Test : About
[2019-05-08 오후 2:29:26] Test : About
[2019-05-08 오후 2:29:33] Test : About
[2019-05-08 오후 2:29:39] Test : About
[2019-05-08 오후 2:29:46] Test : About
[2019-05-08 오후 2:29:52] Test : About
[2019-05-08 오후 2:29:59] Test : About
[2019-05-08 오후 2:30:05] Test : About
[2019-05-08 오후 2:30:12] Test : About
[2019-05-08 오후 2:30:18] Test : About
[2019-05-08 오후 2:30:25] Test : About
[2019-05-08 오후 2:30:31] Test : About
[2019-05-08 오후 2:30:38] Test : About
[2019-05-08 오후 2:30:44] Test : About
[2019-05-08 오후 2:30:51] Test : About
[2019-05-08 오후 2:30:57] Test : About
[2019-05-08 오후 2:31:04] Test : About
[2019-05-08 오후 2:31:10] Test : About
[2019-05-08 오후 2:31:17] Test : About
[2019-05-08 오후 2:31:23] Test : About
[2019-05-08 오후 2:31:30] Test : About
[2019-05-08 오후 2:31:36] Test : About
[2019-05-08 오후 2:31:42] Test : About
[2019-05-08 오후 2:31:49] Test : About
[2019-05-08 오후 2:31:55] Test : About
[2019-05-08 오후 2:32:02] Test : About
[2019-05-08 오후 2:32:08] Test : About
[2019-05-08 오후 2:32:15] Test : About
[2019-05-08 오후 2:32:21] Test : About
[2019-05-08 오후 2:32:28] Test : About
[2019-05-08 오후 2:32:34] Test : About
[2019-05-08 오후 2:32:41] Test : About
[2019-05-08 오후 2:32:48] Test : About
[2019-05-08 오후 2:32:54] Test : About
[2019-05-08 오후 2:33:00] Test : About
[2019-05-08 오후 2:33:07] Test : About
[2019-05-08 오후 2:33:13] Test : About
[2019-05-08 오후 2:33:20] Test : About
[2019-05-08 오후 2:33:26] Test : About
[2019-05-08 오후 2:33:33] Test : About
[2019-05-08 오후 2:33:39] Test : About
[2019-05-08 오후 2:33:46] Test : About
[2019-05-08 오후 2:33:52] Test : About
[2019-05-08 오후 2:33:59] Test : About
[2019-05-08 오후 2:34:05] Test : About
[2019-05-08 오후 2:34:12] Test : About
[2019-05-08 오후 2:34:18] Test : About
[2019-05-08 오후 2:34:25] Test : About
[2019-05-08 오후 2:34:31] Test : About
[2019-05-08 오후 2:34:38] Test : About
[2019-05-08 오후 2:34:45] Test : About
[2019-05-08 오후 2:34:51] Test : About
[2019-05-08 오후 2:34:58] Test : About
[2019-05-08 오후 2:50:04] Start watchdog Program
[2019-05-08 오후 2:50:07] Test : About
[2019-05-08 오후 2:50:13] Test : About
[2019-05-08 오후 2:50:20] Test : About
[2019-05-08 오후 2:50:26] Test : About
[2019-05-08 오후 2:50:33] Test : About
[2019-05-08 오후 2:50:36] Memory Available 998%
[2019-05-08 오후 2:50:39] Test : About
[2019-05-08 오후 2:50:46] Test : About
[2019-05-08 오후 2:50:52] Test : About
[2019-05-08 오후 2:50:59] Test : About
[2019-05-08 오후 2:51:06] Test : About
[2019-05-08 오후 2:51:09] CPU Usage 98.46553%
[2019-05-08 오후 2:51:09] Memory Available 983%
[2019-05-08 오후 2:51:12] CPU Usage 98.73025%
[2019-05-08 오후 2:51:12] Memory Available 955%
[2019-05-08 오후 2:51:13] Test : About
[2019-05-08 오후 2:51:15] CPU Usage 92.54533%
[2019-05-08 오후 2:51:15] Memory Available 951%
[2019-05-08 오후 2:51:18] Memory Available 946%
[2019-05-08 오후 2:51:19] Test : About
[2019-05-08 오후 2:51:21] Memory Available 952%
[2019-05-08 오후 2:51:24] Memory Available 952%
[2019-05-08 오후 2:51:26] Test : About
[2019-05-08 오후 2:51:27] Memory Available 953%
[2019-05-08 오후 2:51:30] Memory Available 948%
[2019-05-08 오후 2:51:32] Test : About
[2019-05-08 오후 2:51:33] Memory Available 949%
[2019-05-08 오후 2:51:36] Memory Available 950%
[2019-05-08 오후 2:51:39] Test : About
[2019-05-08 오후 2:51:39] Memory Available 950%
[2019-05-08 오후 2:51:42] Memory Available 950%
[2019-05-08 오후 2:51:45] Memory Available 950%
[2019-05-08 오후 2:51:46] Test : About
[2019-05-08 오후 2:51:48] Memory Available 953%
[2019-05-08 오후 2:51:51] Memory Available 956%
[2019-05-08 오후 2:51:52] Test : About
[2019-05-08 오후 2:51:54] Memory Available 957%
[2019-05-08 오후 2:51:57] Memory Available 954%
[2019-05-08 오후 2:51:59] Test : About
[2019-05-08 오후 2:52:00] Memory Available 955%
[2019-05-08 오후 2:52:03] Memory Available 956%
[2019-05-08 오후 2:52:05] Test : About
[2019-05-08 오후 2:52:06] Memory Available 957%
[2019-05-08 오후 2:52:09] Memory Available 958%
[2019-05-08 오후 2:52:12] Test : About
[2019-05-08 오후 2:52:12] Memory Available 959%
[2019-05-08 오후 2:52:15] Memory Available 986%
[2019-05-08 오후 2:52:18] Test : About
[2019-05-08 오후 2:52:18] Memory Available 994%
[2019-05-08 오후 2:52:21] Memory Available 991%
[2019-05-08 오후 2:52:24] Memory Available 993%
[2019-05-08 오후 2:52:25] Test : About
[2019-05-08 오후 2:52:27] Memory Available 990%
[2019-05-08 오후 2:52:30] Memory Available 992%
[2019-05-08 오후 2:52:31] Test : About
[2019-05-08 오후 2:52:33] Memory Available 992%
[2019-05-08 오후 2:52:37] Memory Available 993%
[2019-05-08 오후 2:52:38] Test : About
[2019-05-08 오후 2:52:40] Memory Available 995%
[2019-05-08 오후 2:52:43] Memory Available 997%
[2019-05-08 오후 2:52:45] Test : About
[2019-05-08 오후 2:52:46] Memory Available 999%
[2019-05-08 오후 2:52:51] Test : About
[2019-05-08 오후 2:52:58] Test : About
[2019-05-08 오후 2:53:04] Test : About
[2019-05-08 오후 2:53:11] Test : About
[2019-05-08 오후 2:53:17] Test : About
[2019-05-08 오후 2:53:24] Test : About
[2019-05-08 오후 2:53:30] Test : About
[2019-05-08 오후 2:53:37] Test : About
[2019-05-08 오후 2:53:43] Test : About
[2019-05-08 오후 2:53:50] Test : About
[2019-05-08 오후 2:53:56] Test : About
[2019-05-08 오후 2:54:03] Test : About
[2019-05-08 오후 2:54:09] Test : About
[2019-05-08 오후 2:54:16] Test : About
[2019-05-08 오후 2:54:22] Test : About
[2019-05-08 오후 2:54:29] Test : About
[2019-05-08 오후 2:54:35] Test : About
[2019-05-08 오후 2:54:42] Test : About
[2019-05-08 오후 2:54:48] Test : About
[2019-05-08 오후 2:54:55] Test : About
[2019-05-08 오후 2:55:02] Test : About
[2019-05-08 오후 2:55:08] Test : About
[2019-05-08 오후 2:55:15] Test : About
[2019-05-08 오후 2:55:21] Test : About
[2019-05-08 오후 2:55:28] Test : About
[2019-05-08 오후 2:55:34] Test : About
[2019-05-08 오후 2:55:41] Test : About
[2019-05-08 오후 2:55:47] Test : About
[2019-05-08 오후 2:55:54] Test : About
[2019-05-08 오후 2:56:00] Test : About
[2019-05-08 오후 2:56:07] Test : About
[2019-05-08 오후 2:56:13] Test : About
[2019-05-08 오후 2:56:20] Test : About
[2019-05-08 오후 2:56:27] Test : About
[2019-05-08 오후 2:56:33] Test : About
[2019-05-08 오후 2:56:40] Test : About
[2019-05-08 오후 2:56:46] Test : About
[2019-05-08 오후 2:56:53] Test : About
[2019-05-08 오후 2:56:59] Test : About
[2019-05-08 오후 2:57:06] Test : About
[2019-05-08 오후 2:57:12] Test : About
[2019-05-08 오후 2:57:19] Test : About
[2019-05-08 오후 2:57:25] Test : About
[2019-05-08 오후 2:57:32] Test : About
[2019-05-08 오후 2:57:38] Test : About
[2019-05-08 오후 2:57:45] Test : About
[2019-05-08 오후 2:57:51] Test : About
[2019-05-08 오후 2:57:58] Test : About
[2019-05-08 오후 2:58:04] Test : About
[2019-05-08 오후 2:58:11] Test : About
[2019-05-08 오후 2:58:17] Test : About
[2019-05-08 오후 2:58:24] Test : About
[2019-05-08 오후 2:58:30] Test : About
[2019-05-08 오후 2:58:37] Test : About
[2019-05-08 오후 2:58:43] Test : About
[2019-05-08 오후 2:58:50] Test : About
[2019-05-08 오후 2:58:56] Test : About
[2019-05-08 오후 2:59:03] Test : About
[2019-05-08 오후 2:59:09] Test : About
[2019-05-08 오후 2:59:16] Test : About
[2019-05-08 오후 2:59:22] Test : About
[2019-05-08 오후 2:59:29] Test : About
[2019-05-08 오후 2:59:35] Test : About
[2019-05-08 오후 2:59:42] Test : About
[2019-05-08 오후 2:59:48] Test : About
[2019-05-08 오후 2:59:55] Test : About
[2019-05-08 오후 3:00:02] Test : About
[2019-05-08 오후 3:00:08] Test : About
[2019-05-08 오후 3:00:15] Test : About
[2019-05-08 오후 3:00:21] Test : About
[2019-05-08 오후 3:00:28] Test : About
[2019-05-08 오후 3:00:34] Test : About
[2019-05-08 오후 3:00:41] Test : About
[2019-05-08 오후 3:00:47] Test : About
[2019-05-08 오후 3:00:54] Test : About
[2019-05-08 오후 3:01:00] Test : About
[2019-05-08 오후 3:01:07] Test : About
[2019-05-08 오후 3:01:14] Test : About
[2019-05-08 오후 3:01:20] Test : About
[2019-05-08 오후 3:01:27] Test : About
[2019-05-08 오후 3:01:33] Test : About
[2019-05-08 오후 3:01:40] Test : About
[2019-05-08 오후 3:01:46] Test : About
[2019-05-08 오후 3:01:53] Test : About
[2019-05-08 오후 3:01:59] Test : About
[2019-05-08 오후 3:02:06] Test : About
[2019-05-08 오후 3:02:12] Test : About
[2019-05-08 오후 3:02:19] Test : About
[2019-05-08 오후 3:02:25] Test : About
[2019-05-08 오후 3:02:32] Test : About
[2019-05-08 오후 3:02:38] Test : About
[2019-05-08 오후 3:02:45] Test : About
[2019-05-08 오후 3:02:51] Test : About
[2019-05-08 오후 3:02:58] Test : About
[2019-05-08 오후 3:03:04] Test : About
[2019-05-08 오후 3:03:11] Test : About
[2019-05-08 오후 3:03:18] Test : About
[2019-05-08 오후 3:03:24] Test : About
[2019-05-08 오후 3:03:31] Test : About
[2019-05-08 오후 3:03:37] Test : About
[2019-05-08 오후 3:03:44] Test : About
[2019-05-08 오후 3:03:47] CPU Usage 91.8084%
[2019-05-08 오후 3:03:50] CPU Usage 90.57567%
[2019-05-08 오후 3:03:52] Test : About
[2019-05-08 오후 3:03:53] CPU Usage 91.26996%
[2019-05-08 오후 3:03:59] Test : About
[2019-05-08 오후 3:04:05] Test : About
[2019-05-08 오후 3:04:12] Test : About
[2019-05-08 오후 3:04:18] Test : About
[2019-05-08 오후 3:04:25] Test : About
[2019-05-08 오후 3:04:31] Test : About
[2019-05-08 오후 3:04:38] Test : About
[2019-05-08 오후 3:04:44] Test : About
[2019-05-08 오후 3:04:51] Test : About
[2019-05-08 오후 3:04:57] Test : About
[2019-05-08 오후 3:05:04] Test : About
[2019-05-08 오후 3:05:10] Test : About
[2019-05-08 오후 3:05:17] Test : About
[2019-05-08 오후 3:05:23] Test : About
[2019-05-08 오후 3:05:30] Test : About
[2019-05-08 오후 3:05:36] Test : About
[2019-05-08 오후 3:05:43] Test : About
[2019-05-08 오후 3:05:49] Test : About
[2019-05-08 오후 3:05:56] Test : About
[2019-05-08 오후 3:06:02] Test : About
[2019-05-08 오후 3:06:09] Test : About
[2019-05-08 오후 3:06:15] Test : About
[2019-05-08 오후 3:06:22] Test : About
[2019-05-08 오후 3:06:28] Test : About
[2019-05-08 오후 3:06:35] Test : About
[2019-05-08 오후 3:06:41] Test : About
[2019-05-08 오후 3:06:48] Test : About
[2019-05-08 오후 3:06:54] Test : About
[2019-05-08 오후 3:07:01] Test : About
[2019-05-08 오후 3:07:07] Test : About
[2019-05-08 오후 3:07:14] Test : About
[2019-05-08 오후 3:07:20] Test : About
[2019-05-08 오후 3:07:27] Test : About
[2019-05-08 오후 3:07:33] Test : About
[2019-05-08 오후 3:07:40] Test : About
[2019-05-08 오후 3:07:46] Test : About
[2019-05-08 오후 3:07:53] Test : About
[2019-05-08 오후 3:07:59] Test : About
[2019-05-08 오후 3:08:06] Test : About
[2019-05-08 오후 3:08:12] Test : About
[2019-05-08 오후 3:08:19] Test : About
[2019-05-08 오후 3:08:25] Test : About
[2019-05-08 오후 3:08:32] Test : About
[2019-05-08 오후 3:08:38] Test : About
[2019-05-08 오후 3:08:45] Test : About
[2019-05-08 오후 3:08:51] Test : About
[2019-05-08 오후 3:08:58] Test : About
[2019-05-08 오후 3:09:04] Test : About
[2019-05-08 오후 3:09:11] Test : About
[2019-05-08 오후 3:09:17] Test : About
[2019-05-08 오후 3:09:24] Test : About
[2019-05-08 오후 3:09:30] Test : About
[2019-05-08 오후 3:09:37] Test : About
[2019-05-08 오후 3:09:44] Test : About
[2019-05-08 오후 3:09:50] Test : About
[2019-05-08 오후 3:09:57] Test : About
[2019-05-08 오후 3:10:03] Test : About
[2019-05-08 오후 3:10:10] Test : About
[2019-05-08 오후 3:10:16] Test : About
[2019-05-08 오후 3:10:23] Test : About
[2019-05-08 오후 3:10:29] Test : About
[2019-05-08 오후 3:10:36] Test : About
[2019-05-08 오후 3:10:42] Test : About
[2019-05-08 오후 3:10:49] Test : About
[2019-05-08 오후 3:10:55] Test : About
[2019-05-08 오후 3:11:02] Test : About
[2019-05-08 오후 3:11:08] Test : About
[2019-05-08 오후 3:11:15] Test : About
[2019-05-08 오후 3:11:21] Test : About
[2019-05-08 오후 3:11:28] Test : About
[2019-05-08 오후 3:11:34] Test : About
[2019-05-08 오후 3:11:41] Test : About
[2019-05-08 오후 3:11:47] Test : About
[2019-05-08 오후 3:11:54] Test : About
[2019-05-08 오후 3:12:00] Test : About
[2019-05-08 오후 3:12:07] Test : About
[2019-05-08 오후 3:12:13] Test : About
[2019-05-08 오후 3:12:20] Test : About
[2019-05-08 오후 3:12:26] Test : About
[2019-05-08 오후 3:12:33] Test : About
[2019-05-08 오후 3:12:40] Test : About
[2019-05-08 오후 3:13:20] Start watchdog Program
[2019-05-08 오후 3:13:22] Test : About
[2019-05-08 오후 3:13:29] Test : About
[2019-05-08 오후 3:13:35] Test : About
[2019-05-08 오후 3:13:42] Test : About
[2019-05-08 오후 3:13:48] Test : About
[2019-05-08 오후 3:13:55] Test : About
[2019-05-08 오후 3:15:18] Start watchdog Program
[2019-05-08 오후 3:16:50] Start watchdog Program
[2019-05-08 오후 3:19:31] Start watchdog Program
[2019-05-08 오후 3:20:34] Start watchdog Program
[2019-05-08 오후 3:21:25] Start watchdog Program
[2019-05-08 오후 3:22:22] Start watchdog Program
[2019-05-08 오후 3:22:44] Memory Available 993%
[2019-05-08 오후 3:22:47] Memory Available 984%
[2019-05-08 오후 3:22:50] Memory Available 979%
[2019-05-08 오후 3:22:53] Memory Available 980%
[2019-05-08 오후 3:22:56] Memory Available 980%
[2019-05-08 오후 3:22:59] Memory Available 981%
[2019-05-08 오후 3:23:02] Memory Available 981%
[2019-05-08 오후 3:23:05] Memory Available 990%
[2019-05-08 오후 3:23:08] Memory Available 990%
[2019-05-08 오후 3:23:11] Memory Available 990%
[2019-05-08 오후 3:23:14] Memory Available 984%
[2019-05-08 오후 3:23:17] Memory Available 997%
[2019-05-08 오후 3:23:20] Memory Available 994%
[2019-05-08 오후 3:23:23] Memory Available 994%
[2019-05-08 오후 3:23:26] Memory Available 995%
[2019-05-08 오후 3:23:29] Memory Available 995%
[2019-05-08 오후 3:24:07] Start watchdog Program
[2019-05-08 오후 3:24:42] Start watchdog Program
[2019-05-08 오후 3:25:06] Start watchdog Program
[2019-05-08 오후 3:27:06] Start watchdog Program
[2019-05-08 오후 3:27:36] Memory Available 940%
[2019-05-08 오후 3:27:39] CPU Usage 95.86736%
[2019-05-08 오후 3:27:39] Memory Available 930%
[2019-05-08 오후 3:27:42] Memory Available 933%
[2019-05-08 오후 3:27:45] Memory Available 934%
[2019-05-08 오후 3:27:49] Memory Available 933%
[2019-05-08 오후 3:27:52] Memory Available 932%
[2019-05-08 오후 3:27:55] Memory Available 931%
[2019-05-08 오후 3:27:58] Memory Available 929%
[2019-05-08 오후 3:28:01] Memory Available 920%
[2019-05-08 오후 3:28:04] Memory Available 923%
[2019-05-08 오후 3:28:07] Memory Available 924%
[2019-05-08 오후 3:28:10] Memory Available 935%
[2019-05-08 오후 3:28:13] Memory Available 936%
[2019-05-08 오후 3:28:16] Memory Available 938%
[2019-05-08 오후 3:28:19] Memory Available 935%
[2019-05-08 오후 3:28:22] Memory Available 936%
[2019-05-08 오후 3:28:25] Memory Available 949%
[2019-05-08 오후 3:28:28] Memory Available 949%
[2019-05-08 오후 3:28:31] Memory Available 947%
[2019-05-08 오후 3:28:34] Memory Available 943%
[2019-05-08 오후 3:28:37] Memory Available 944%
[2019-05-08 오후 3:28:40] Memory Available 945%
[2019-05-08 오후 3:28:43] Memory Available 948%
[2019-05-08 오후 3:28:46] Memory Available 949%
[2019-05-08 오후 3:28:49] Memory Available 958%
[2019-05-08 오후 3:28:52] Memory Available 957%
[2019-05-08 오후 3:28:55] Memory Available 964%
[2019-05-08 오후 3:28:58] Memory Available 963%
[2019-05-08 오후 3:29:01] Memory Available 964%
[2019-05-08 오후 3:29:04] Memory Available 963%
[2019-05-08 오후 3:29:07] Memory Available 964%
[2019-05-08 오후 3:29:10] Memory Available 965%
[2019-05-08 오후 3:29:13] Memory Available 965%
[2019-05-08 오후 3:29:16] Memory Available 965%
[2019-05-08 오후 3:29:19] Memory Available 972%
[2019-05-08 오후 3:29:22] Memory Available 970%
[2019-05-08 오후 3:29:25] Memory Available 969%
[2019-05-08 오후 3:29:28] Memory Available 967%
[2019-05-08 오후 3:29:31] Memory Available 968%
[2019-05-08 오후 3:29:34] Memory Available 962%
[2019-05-08 오후 3:30:17] Start watchdog Program
[2019-05-08 오후 3:30:21] Memory Available 985%
[2019-05-08 오후 3:30:24] Memory Available 975%
[2019-05-08 오후 3:30:27] Memory Available 975%
[2019-05-08 오후 3:30:30] Memory Available 975%
[2019-05-08 오후 3:30:33] Memory Available 975%
[2019-05-08 오후 3:30:36] Memory Available 974%
[2019-05-08 오후 3:30:39] Memory Available 971%
[2019-05-08 오후 3:30:42] Memory Available 970%
[2019-05-08 오후 3:30:45] Memory Available 968%
[2019-05-08 오후 3:30:48] Memory Available 968%
[2019-05-08 오후 3:30:51] Memory Available 967%
[2019-05-08 오후 3:30:54] Memory Available 967%
[2019-05-08 오후 3:30:57] Memory Available 968%
[2019-05-08 오후 3:31:00] Memory Available 963%
[2019-05-08 오후 3:31:03] Memory Available 964%
[2019-05-08 오후 3:31:06] Memory Available 955%
[2019-05-08 오후 3:31:09] Memory Available 973%
[2019-05-08 오후 3:31:12] Memory Available 978%
[2019-05-08 오후 3:31:15] Memory Available 995%
[2019-05-08 오후 3:31:18] Memory Available 997%
[2019-05-08 오후 3:31:51] Memory Available 986%
[2019-05-08 오후 3:31:54] Memory Available 997%
[2019-05-08 오후 3:31:57] Memory Available 999%
[2019-05-08 오후 3:32:06] Memory Available 964%
[2019-05-08 오후 3:32:09] Memory Available 949%
[2019-05-08 오후 3:32:12] Memory Available 953%
[2019-05-08 오후 3:32:15] Memory Available 950%
[2019-05-08 오후 3:32:18] Memory Available 933%
[2019-05-08 오후 3:32:21] Memory Available 937%
[2019-05-08 오후 3:32:24] Memory Available 934%
[2019-05-08 오후 3:32:27] Memory Available 941%
[2019-05-08 오후 3:32:30] Memory Available 942%
[2019-05-08 오후 3:32:33] Memory Available 940%
[2019-05-08 오후 3:32:36] Memory Available 943%
[2019-05-08 오후 3:32:39] Memory Available 945%
[2019-05-08 오후 3:32:42] Memory Available 945%
[2019-05-08 오후 3:32:45] Memory Available 946%
[2019-05-08 오후 3:32:48] Memory Available 947%
[2019-05-08 오후 3:32:51] Memory Available 948%
[2019-05-08 오후 3:33:49] Start watchdog Program
[2019-05-08 오후 3:34:44] Start watchdog Program
[2019-05-08 오후 3:35:42] Start watchdog Program
[2019-05-08 오후 3:36:07] Start watchdog Program
[2019-05-08 오후 3:40:39] Start watchdog Program
[2019-05-08 오후 3:41:10] Start watchdog Program
