[2019-05-07 오전 10:54:17] Start watchdog Program
[2019-05-07 오전 10:54:20] Test : About
[2019-05-07 오전 10:54:27] Test : About
[2019-05-07 오전 10:54:34] Test : About
[2019-05-07 오전 11:12:25] Start watchdog Program
[2019-05-07 오전 11:12:28] Test : About
[2019-05-07 오전 11:12:35] Test : About
[2019-05-07 오전 11:12:41] Test : About
[2019-05-07 오전 11:12:48] Test : About
[2019-05-07 오전 11:12:55] Test : About
[2019-05-07 오전 11:13:01] Test : About
[2019-05-07 오전 11:13:08] Test : About
[2019-05-07 오전 11:13:15] Shutdown watchdog Program
[2019-05-07 오전 11:13:15] Shutdown watchdog Program
[2019-05-07 오전 11:16:03] Start watchdog Program
[2019-05-07 오전 11:16:06] Test : About
[2019-05-07 오전 11:16:08] Shutdown watchdog Program
[2019-05-07 오전 11:16:08] Shutdown watchdog Program
[2019-05-07 오전 11:27:47] Start watchdog Program
[2019-05-07 오전 11:27:50] Test : About
[2019-05-07 오전 11:27:56] Test : About
[2019-05-07 오전 11:28:00] Shutdown watchdog Program
[2019-05-07 오전 11:28:00] Shutdown watchdog Program
[2019-05-07 오전 11:41:46] Start watchdog Program
[2019-05-07 오전 11:41:48] Test : About
[2019-05-07 오전 11:41:55] Test : About
[2019-05-07 오전 11:43:46] Start watchdog Program
[2019-05-07 오전 11:43:48] Test : About
[2019-05-07 오전 11:43:55] Test : About
[2019-05-07 오전 11:44:02] Test : About
[2019-05-07 오전 11:45:58] Start watchdog Program
[2019-05-07 오전 11:46:00] Test : About
[2019-05-07 오전 11:46:08] Test : About
[2019-05-07 오전 11:46:11] CPU Usage 98.32463%
[2019-05-07 오전 11:46:14] CPU Usage 94.80414%
[2019-05-07 오전 11:46:16] Test : About
[2019-05-07 오전 11:46:18] CPU Usage 100%
[2019-05-07 오전 11:46:21] CPU Usage 100%
[2019-05-07 오전 11:46:23] Test : About
[2019-05-07 오전 11:46:25] CPU Usage 99.31281%
[2019-05-07 오전 11:46:28] CPU Usage 100%
[2019-05-07 오전 11:46:31] Test : About
[2019-05-07 오전 11:46:32] CPU Usage 100%
[2019-05-07 오전 11:46:36] CPU Usage 100%
[2019-05-07 오전 11:46:39] Test : About
[2019-05-07 오전 11:46:39] CPU Usage 100%
[2019-05-07 오전 11:46:43] CPU Usage 100%
[2019-05-07 오전 11:46:46] Test : About
[2019-05-07 오전 11:46:46] CPU Usage 100%
[2019-05-07 오전 11:46:49] CPU Usage 100%
[2019-05-07 오전 11:46:52] CPU Usage 99.61009%
[2019-05-07 오전 11:46:53] Test : About
[2019-05-07 오전 11:46:59] Test : About
[2019-05-07 오전 11:47:06] Test : About
[2019-05-07 오전 11:47:07] CPU Usage 92.19799%
[2019-05-07 오전 11:47:10] CPU Usage 94.18205%
[2019-05-07 오전 11:47:13] CPU Usage 90.65098%
[2019-05-07 오전 11:47:13] Test : About
[2019-05-07 오전 11:47:20] Test : About
[2019-05-07 오전 11:47:27] Test : About
[2019-05-07 오전 11:47:34] Test : About
[2019-05-07 오전 11:47:40] Test : About
[2019-05-07 오전 11:47:47] Test : About
[2019-05-07 오전 11:47:55] Test : About
[2019-05-07 오전 11:48:02] Test : About
[2019-05-07 오전 11:48:08] Test : About
[2019-05-07 오전 11:48:15] Test : About
[2019-05-07 오전 11:48:22] Test : About
[2019-05-07 오전 11:48:29] Test : About
[2019-05-07 오전 11:48:36] Test : About
[2019-05-07 오전 11:48:43] Test : About
[2019-05-07 오전 11:48:44] CPU Usage 91.0319%
[2019-05-07 오전 11:48:47] CPU Usage 99.10065%
[2019-05-07 오전 11:48:50] Test : About
[2019-05-07 오전 11:48:50] CPU Usage 93.43905%
[2019-05-07 오전 11:48:53] CPU Usage 100%
[2019-05-07 오전 11:48:56] CPU Usage 90.03001%
[2019-05-07 오전 11:48:57] Test : About
[2019-05-07 오전 11:48:59] CPU Usage 93.48833%
[2019-05-07 오전 11:49:04] Test : About
[2019-05-07 오전 11:49:11] Test : About
[2019-05-07 오전 11:49:18] Test : About
[2019-05-07 오전 11:49:25] Test : About
[2019-05-07 오전 11:49:31] Test : About
[2019-05-07 오전 11:49:39] Test : About
[2019-05-07 오전 11:49:45] Test : About
[2019-05-07 오전 11:49:52] Test : About
[2019-05-07 오전 11:49:59] Test : About
[2019-05-07 오전 11:50:06] Test : About
[2019-05-07 오전 11:50:08] CPU Usage 93.38669%
[2019-05-07 오전 11:50:11] CPU Usage 97.02914%
[2019-05-07 오전 11:50:13] Test : About
[2019-05-07 오전 11:50:14] CPU Usage 100%
[2019-05-07 오전 11:50:20] Test : About
[2019-05-07 오전 11:50:27] Test : About
[2019-05-07 오전 11:50:34] Test : About
[2019-05-07 오전 11:50:41] Test : About
[2019-05-07 오전 11:50:48] Test : About
[2019-05-07 오전 11:50:48] CPU Usage 94.27458%
[2019-05-07 오전 11:50:55] Test : About
[2019-05-07 오전 11:50:57] CPU Usage 99.48165%
[2019-05-07 오전 11:51:01] Test : About
[2019-05-07 오전 11:51:08] Test : About
[2019-05-07 오전 11:51:15] Test : About
[2019-05-07 오전 11:51:21] CPU Usage 96.81927%
[2019-05-07 오전 11:51:23] Test : About
[2019-05-07 오전 11:51:24] CPU Usage 97.15559%
[2019-05-07 오전 11:51:29] Test : About
[2019-05-07 오전 11:51:36] Test : About
[2019-05-07 오전 11:51:43] Test : About
[2019-05-07 오전 11:51:49] Test : About
[2019-05-07 오전 11:51:56] Test : About
[2019-05-07 오전 11:52:03] Test : About
[2019-05-07 오전 11:52:10] Test : About
[2019-05-07 오전 11:52:17] Test : About
[2019-05-07 오전 11:52:24] Test : About
[2019-05-07 오전 11:52:24] CPU Usage 95.05589%
[2019-05-07 오전 11:52:27] CPU Usage 96.75366%
[2019-05-07 오전 11:52:30] CPU Usage 93.15495%
[2019-05-07 오전 11:52:31] Test : About
[2019-05-07 오전 11:52:37] Test : About
[2019-05-07 오전 11:52:44] Test : About
[2019-05-07 오전 11:52:51] Test : About
[2019-05-07 오전 11:52:58] Test : About
[2019-05-07 오전 11:53:03] CPU Usage 93.37022%
[2019-05-07 오전 11:53:04] Test : About
[2019-05-07 오전 11:53:11] Test : About
[2019-05-07 오전 11:53:18] Test : About
[2019-05-07 오전 11:53:25] Test : About
[2019-05-07 오전 11:53:31] Test : About
[2019-05-07 오전 11:53:38] Test : About
[2019-05-07 오전 11:53:45] Test : About
[2019-05-07 오전 11:53:52] Test : About
[2019-05-07 오전 11:53:58] Test : About
[2019-05-07 오전 11:54:05] Test : About
[2019-05-07 오전 11:54:12] Test : About
[2019-05-07 오전 11:54:18] Test : About
[2019-05-07 오전 11:54:25] Test : About
[2019-05-07 오전 11:54:32] Test : About
[2019-05-07 오전 11:54:37] CPU Usage 98.05376%
[2019-05-07 오전 11:54:38] Test : About
[2019-05-07 오전 11:54:40] CPU Usage 93.77528%
[2019-05-07 오전 11:54:45] Test : About
[2019-05-07 오전 11:54:52] Test : About
[2019-05-07 오전 11:54:59] Test : About
[2019-05-07 오전 11:55:05] Test : About
[2019-05-07 오전 11:55:12] Test : About
[2019-05-07 오전 11:55:19] Test : About
[2019-05-07 오전 11:55:25] Test : About
[2019-05-07 오전 11:55:32] Test : About
[2019-05-07 오전 11:55:38] Test : About
[2019-05-07 오전 11:55:45] Test : About
[2019-05-07 오전 11:55:51] Test : About
[2019-05-07 오전 11:55:57] Test : About
[2019-05-07 오전 11:56:04] Test : About
[2019-05-07 오전 11:56:10] Test : About
[2019-05-07 오전 11:56:17] Test : About
[2019-05-07 오전 11:56:23] Test : About
[2019-05-07 오전 11:56:29] Test : About
[2019-05-07 오전 11:56:36] Test : About
[2019-05-07 오전 11:56:42] Test : About
[2019-05-07 오전 11:56:49] Test : About
[2019-05-07 오전 11:56:55] Test : About
[2019-05-07 오전 11:57:02] Test : About
[2019-05-07 오전 11:57:08] Test : About
[2019-05-07 오전 11:57:14] Test : About
[2019-05-07 오전 11:57:21] Test : About
[2019-05-07 오전 11:57:27] Test : About
[2019-05-07 오전 11:57:34] Test : About
[2019-05-07 오전 11:57:40] Test : About
[2019-05-07 오전 11:57:47] Test : About
[2019-05-07 오전 11:57:53] Test : About
[2019-05-07 오전 11:57:59] Test : About
[2019-05-07 오전 11:58:06] Test : About
[2019-05-07 오전 11:58:12] Test : About
[2019-05-07 오전 11:58:19] Test : About
[2019-05-07 오전 11:58:25] Test : About
[2019-05-07 오전 11:58:32] Test : About
[2019-05-07 오전 11:58:38] Test : About
[2019-05-07 오전 11:58:44] Test : About
[2019-05-07 오전 11:58:51] Test : About
[2019-05-07 오전 11:58:57] Test : About
[2019-05-07 오전 11:59:04] Test : About
[2019-05-07 오전 11:59:10] Test : About
[2019-05-07 오전 11:59:16] Test : About
[2019-05-07 오전 11:59:23] Test : About
[2019-05-07 오전 11:59:29] Test : About
[2019-05-07 오전 11:59:36] Test : About
[2019-05-07 오전 11:59:42] Test : About
[2019-05-07 오전 11:59:49] Test : About
[2019-05-07 오전 11:59:55] Test : About
[2019-05-07 오후 12:00:02] Test : About
[2019-05-07 오후 12:00:08] Test : About
[2019-05-07 오후 12:00:15] Test : About
[2019-05-07 오후 12:00:21] Test : About
[2019-05-07 오후 12:00:28] Test : About
[2019-05-07 오후 12:00:34] Test : About
[2019-05-07 오후 12:00:40] Test : About
[2019-05-07 오후 12:00:47] Test : About
[2019-05-07 오후 12:00:53] Test : About
[2019-05-07 오후 12:01:00] Test : About
[2019-05-07 오후 12:01:06] Test : About
[2019-05-07 오후 12:01:13] Test : About
[2019-05-07 오후 12:01:19] Test : About
[2019-05-07 오후 12:01:26] Test : About
[2019-05-07 오후 12:01:32] Test : About
[2019-05-07 오후 12:01:38] Test : About
[2019-05-07 오후 12:01:45] Test : About
[2019-05-07 오후 12:01:51] Test : About
[2019-05-07 오후 12:01:58] Test : About
[2019-05-07 오후 12:02:04] Test : About
[2019-05-07 오후 12:02:10] Test : About
[2019-05-07 오후 12:02:17] Test : About
[2019-05-07 오후 12:02:23] Test : About
[2019-05-07 오후 12:02:30] Test : About
[2019-05-07 오후 12:02:36] Test : About
[2019-05-07 오후 12:02:43] Test : About
[2019-05-07 오후 12:02:49] Test : About
[2019-05-07 오후 12:02:55] Test : About
[2019-05-07 오후 12:03:02] Test : About
[2019-05-07 오후 12:03:08] Test : About
[2019-05-07 오후 12:03:15] Test : About
[2019-05-07 오후 12:03:21] Test : About
[2019-05-07 오후 12:03:27] Test : About
[2019-05-07 오후 12:03:34] Test : About
[2019-05-07 오후 12:03:40] Test : About
[2019-05-07 오후 12:03:47] Test : About
[2019-05-07 오후 12:03:53] Test : About
[2019-05-07 오후 12:03:59] Test : About
[2019-05-07 오후 12:04:06] Test : About
[2019-05-07 오후 12:04:12] Test : About
[2019-05-07 오후 12:04:19] Test : About
[2019-05-07 오후 12:04:25] Test : About
[2019-05-07 오후 12:04:31] Test : About
[2019-05-07 오후 12:04:38] Test : About
[2019-05-07 오후 12:04:44] Test : About
[2019-05-07 오후 12:04:51] Test : About
[2019-05-07 오후 12:04:57] Test : About
[2019-05-07 오후 12:05:03] Test : About
[2019-05-07 오후 12:05:10] Test : About
[2019-05-07 오후 12:05:16] Test : About
[2019-05-07 오후 12:05:23] Test : About
[2019-05-07 오후 12:05:29] Test : About
[2019-05-07 오후 12:05:35] Test : About
[2019-05-07 오후 12:05:42] Test : About
[2019-05-07 오후 12:05:48] Test : About
[2019-05-07 오후 12:05:55] Test : About
[2019-05-07 오후 12:06:01] Test : About
[2019-05-07 오후 12:06:08] Test : About
[2019-05-07 오후 12:06:14] Test : About
[2019-05-07 오후 12:06:20] Test : About
[2019-05-07 오후 12:06:27] Test : About
[2019-05-07 오후 12:06:33] Test : About
[2019-05-07 오후 12:06:40] Test : About
[2019-05-07 오후 12:06:46] Test : About
[2019-05-07 오후 12:06:52] Test : About
[2019-05-07 오후 12:06:59] Test : About
[2019-05-07 오후 12:07:05] Test : About
[2019-05-07 오후 12:07:12] Test : About
[2019-05-07 오후 12:07:18] Test : About
[2019-05-07 오후 12:07:24] Test : About
[2019-05-07 오후 12:07:31] Test : About
[2019-05-07 오후 12:07:37] Test : About
[2019-05-07 오후 12:07:44] Test : About
[2019-05-07 오후 12:07:50] Test : About
[2019-05-07 오후 12:07:56] Test : About
[2019-05-07 오후 12:08:03] Test : About
[2019-05-07 오후 12:08:09] Test : About
[2019-05-07 오후 12:08:16] Test : About
[2019-05-07 오후 12:08:22] Test : About
[2019-05-07 오후 12:08:29] Test : About
[2019-05-07 오후 12:08:32] CPU Usage 98.31651%
[2019-05-07 오후 12:08:35] Test : About
[2019-05-07 오후 12:08:42] Test : About
[2019-05-07 오후 12:08:48] Test : About
[2019-05-07 오후 12:08:55] Test : About
[2019-05-07 오후 12:09:01] Test : About
[2019-05-07 오후 12:09:08] Test : About
[2019-05-07 오후 12:09:14] Test : About
[2019-05-07 오후 12:09:20] Test : About
[2019-05-07 오후 12:09:27] Test : About
[2019-05-07 오후 12:09:33] Test : About
[2019-05-07 오후 12:09:40] Test : About
[2019-05-07 오후 12:09:46] Test : About
[2019-05-07 오후 12:09:52] Test : About
[2019-05-07 오후 12:09:59] Test : About
[2019-05-07 오후 12:10:05] Test : About
[2019-05-07 오후 12:10:12] Test : About
[2019-05-07 오후 12:10:18] Test : About
[2019-05-07 오후 12:10:25] Test : About
[2019-05-07 오후 12:10:31] Test : About
[2019-05-07 오후 12:10:37] Test : About
[2019-05-07 오후 12:10:44] Test : About
[2019-05-07 오후 12:10:50] Test : About
[2019-05-07 오후 12:10:57] Test : About
[2019-05-07 오후 12:11:03] Test : About
[2019-05-07 오후 12:11:09] Test : About
[2019-05-07 오후 12:11:16] Test : About
[2019-05-07 오후 12:11:22] Test : About
[2019-05-07 오후 12:11:29] Test : About
[2019-05-07 오후 12:11:35] Test : About
[2019-05-07 오후 12:11:41] Test : About
[2019-05-07 오후 12:11:48] Test : About
[2019-05-07 오후 12:11:54] Test : About
[2019-05-07 오후 12:12:00] Test : About
[2019-05-07 오후 12:12:06] Test : About
[2019-05-07 오후 12:12:13] Test : About
[2019-05-07 오후 12:12:19] Test : About
[2019-05-07 오후 12:12:26] Test : About
[2019-05-07 오후 12:12:32] Test : About
[2019-05-07 오후 12:12:38] Test : About
[2019-05-07 오후 12:12:45] Test : About
[2019-05-07 오후 12:12:51] Test : About
[2019-05-07 오후 12:12:58] Test : About
[2019-05-07 오후 12:13:04] Test : About
[2019-05-07 오후 12:13:10] Test : About
[2019-05-07 오후 12:13:17] Test : About
[2019-05-07 오후 12:13:23] Test : About
[2019-05-07 오후 12:13:30] Test : About
[2019-05-07 오후 12:13:36] Test : About
[2019-05-07 오후 12:13:42] Test : About
[2019-05-07 오후 12:13:49] Test : About
[2019-05-07 오후 12:13:55] Test : About
[2019-05-07 오후 12:14:02] Test : About
[2019-05-07 오후 12:14:08] Test : About
[2019-05-07 오후 12:14:14] Test : About
[2019-05-07 오후 12:14:21] Test : About
[2019-05-07 오후 12:14:27] Test : About
[2019-05-07 오후 12:14:34] Test : About
[2019-05-07 오후 12:14:40] Test : About
[2019-05-07 오후 12:14:47] Test : About
[2019-05-07 오후 12:14:53] Test : About
[2019-05-07 오후 12:15:00] Test : About
[2019-05-07 오후 12:15:06] Test : About
[2019-05-07 오후 12:15:12] Test : About
[2019-05-07 오후 12:15:19] Test : About
[2019-05-07 오후 12:15:25] Test : About
[2019-05-07 오후 12:15:32] Test : About
[2019-05-07 오후 12:15:39] Test : About
[2019-05-07 오후 12:15:45] Test : About
[2019-05-07 오후 12:15:52] Test : About
[2019-05-07 오후 12:15:58] Test : About
[2019-05-07 오후 12:16:05] Test : About
[2019-05-07 오후 12:16:11] Test : About
[2019-05-07 오후 12:18:49] Start watchdog Program
[2019-05-07 오후 12:18:51] Test : About
[2019-05-07 오후 12:18:57] Test : About
[2019-05-07 오후 12:19:04] Test : About
[2019-05-07 오후 12:19:10] Test : About
[2019-05-07 오후 12:19:16] Test : About
[2019-05-07 오후 12:29:36] Start watchdog Program
[2019-05-07 오후 12:29:37] Test : About
[2019-05-07 오후 12:30:14] Start watchdog Program
[2019-05-07 오후 12:30:15] Test : About
[2019-05-07 오후 12:30:22] Test : About
[2019-05-07 오후 12:30:28] Test : About
[2019-05-07 오후 12:30:35] Test : About
[2019-05-07 오후 12:36:09] Start watchdog Program
[2019-05-07 오후 12:36:10] Test : About
[2019-05-07 오후 12:36:17] Test : About
[2019-05-07 오후 12:36:23] Test : About
[2019-05-07 오후 12:37:02] Start watchdog Program
[2019-05-07 오후 12:37:05] Test : About
[2019-05-07 오후 12:37:11] Test : About
[2019-05-07 오후 12:37:18] Test : About
[2019-05-07 오후 12:38:00] Start watchdog Program
[2019-05-07 오후 12:38:02] Test : About
[2019-05-07 오후 12:38:09] Test : About
[2019-05-07 오후 12:38:57] Start watchdog Program
[2019-05-07 오후 12:40:34] Test : About
[2019-05-07 오후 12:40:41] Test : About
[2019-05-07 오후 12:42:13] Start watchdog Program
[2019-05-07 오후 12:43:13] Start watchdog Program
[2019-05-07 오후 12:43:15] Test : About
[2019-05-07 오후 12:43:22] Test : About
[2019-05-07 오후 12:43:29] Test : About
[2019-05-07 오후 12:43:36] Test : About
[2019-05-07 오후 12:43:43] Test : About
[2019-05-07 오후 12:43:50] Test : About
[2019-05-07 오후 12:45:21] Start watchdog Program
[2019-05-07 오후 12:45:45] Start watchdog Program
[2019-05-07 오후 12:45:47] Test : About
[2019-05-07 오후 12:45:54] Test : About
[2019-05-07 오후 12:46:06] Start watchdog Program
[2019-05-07 오후 12:46:08] Test : About
[2019-05-07 오후 12:46:15] Test : About
[2019-05-07 오후 12:46:17] CPU Usage 96.54296%
[2019-05-07 오후 12:46:22] Test : About
[2019-05-07 오후 12:46:28] Test : About
[2019-05-07 오후 12:50:12] Start watchdog Program
[2019-05-07 오후 12:50:14] Test : About
[2019-05-07 오후 12:50:21] Test : About
[2019-05-07 오후 12:50:28] Test : About
[2019-05-07 오후 12:50:35] Test : About
[2019-05-07 오후 12:50:42] Test : About
[2019-05-07 오후 12:50:48] Test : About
[2019-05-07 오후 12:50:55] Test : About
[2019-05-07 오후 12:51:02] Test : About
[2019-05-07 오후 12:51:16] Start watchdog Program
[2019-05-07 오후 12:51:19] Test : About
[2019-05-07 오후 12:51:26] Test : About
[2019-05-07 오후 12:52:10] Start watchdog Program
[2019-05-07 오후 12:52:13] Test : About
[2019-05-07 오후 12:52:20] Test : About
[2019-05-07 오후 12:52:27] Test : About
[2019-05-07 오후 12:52:34] Test : About
[2019-05-07 오후 12:52:40] Test : About
[2019-05-07 오후 12:52:41] CPU Usage 94.40678%
[2019-05-07 오후 12:52:44] CPU Usage 96.67229%
[2019-05-07 오후 12:52:47] CPU Usage 92.22745%
[2019-05-07 오후 12:52:47] Test : About
[2019-05-07 오후 12:52:54] Test : About
[2019-05-07 오후 12:53:01] Test : About
[2019-05-07 오후 12:53:08] Test : About
[2019-05-07 오후 12:53:15] Test : About
[2019-05-07 오후 12:53:22] Test : About
[2019-05-07 오후 12:53:29] Test : About
[2019-05-07 오후 12:53:36] Test : About
[2019-05-07 오후 12:53:43] Test : About
[2019-05-07 오후 12:53:50] Test : About
[2019-05-07 오후 12:53:50] CPU Usage 98.18271%
[2019-05-07 오후 12:53:56] CPU Usage 92.48971%
[2019-05-07 오후 12:53:57] Test : About
[2019-05-07 오후 12:53:59] CPU Usage 94.05581%
[2019-05-07 오후 12:54:03] CPU Usage 100%
[2019-05-07 오후 12:54:05] Test : About
[2019-05-07 오후 12:54:06] CPU Usage 100%
[2019-05-07 오후 12:54:09] CPU Usage 99.13897%
[2019-05-07 오후 12:54:12] CPU Usage 100%
[2019-05-07 오후 12:54:14] Test : About
[2019-05-07 오후 12:54:15] CPU Usage 100%
[2019-05-07 오후 12:54:20] CPU Usage 100%
[2019-05-07 오후 12:54:21] Test : About
[2019-05-07 오후 12:54:24] CPU Usage 99.88374%
[2019-05-07 오후 12:54:27] CPU Usage 92.88313%
[2019-05-07 오후 12:54:28] Test : About
[2019-05-07 오후 12:54:35] Test : About
[2019-05-07 오후 12:54:42] Test : About
[2019-05-07 오후 12:54:49] Test : About
[2019-05-07 오후 12:54:56] Test : About
[2019-05-07 오후 12:55:02] Test : About
[2019-05-07 오후 12:55:09] Test : About
[2019-05-07 오후 12:55:16] Test : About
[2019-05-07 오후 12:55:22] Test : About
[2019-05-07 오후 12:55:29] Test : About
[2019-05-07 오후 12:55:36] Test : About
[2019-05-07 오후 12:55:43] Test : About
[2019-05-07 오후 12:55:49] Test : About
[2019-05-07 오후 12:55:56] Test : About
[2019-05-07 오후 12:56:03] Test : About
[2019-05-07 오후 12:56:09] Test : About
[2019-05-07 오후 12:56:16] Test : About
[2019-05-07 오후 12:56:23] Test : About
[2019-05-07 오후 12:56:29] Test : About
[2019-05-07 오후 12:56:36] Test : About
[2019-05-07 오후 12:56:43] Test : About
[2019-05-07 오후 12:56:49] Test : About
[2019-05-07 오후 12:56:56] Test : About
[2019-05-07 오후 12:57:03] Test : About
[2019-05-07 오후 12:57:10] Test : About
[2019-05-07 오후 12:57:16] Test : About
[2019-05-07 오후 12:57:23] Test : About
[2019-05-07 오후 12:57:30] Test : About
[2019-05-07 오후 12:57:36] Test : About
[2019-05-07 오후 12:57:43] Test : About
[2019-05-07 오후 12:57:50] Test : About
[2019-05-07 오후 12:57:57] Test : About
[2019-05-07 오후 12:58:03] Test : About
[2019-05-07 오후 12:58:10] Test : About
[2019-05-07 오후 12:58:17] Test : About
[2019-05-07 오후 12:58:24] Test : About
[2019-05-07 오후 12:58:31] Test : About
[2019-05-07 오후 12:58:38] Test : About
[2019-05-07 오후 12:58:46] Test : About
[2019-05-07 오후 12:58:48] CPU Usage 100%
[2019-05-07 오후 12:58:51] CPU Usage 99.66269%
[2019-05-07 오후 12:58:53] Test : About
[2019-05-07 오후 12:59:01] Test : About
[2019-05-07 오후 12:59:08] Test : About
[2019-05-07 오후 12:59:15] Test : About
[2019-05-07 오후 12:59:22] Test : About
[2019-05-07 오후 12:59:28] Test : About
[2019-05-07 오후 12:59:35] Test : About
[2019-05-07 오후 12:59:42] Test : About
[2019-05-07 오후 12:59:49] Test : About
[2019-05-07 오후 12:59:56] Test : About
[2019-05-07 오후 1:00:03] Test : About
[2019-05-07 오후 1:00:09] Test : About
[2019-05-07 오후 1:00:16] Test : About
[2019-05-07 오후 1:00:23] Test : About
[2019-05-07 오후 1:00:30] Test : About
[2019-05-07 오후 1:00:55] Start watchdog Program
[2019-05-07 오후 1:00:57] Test : About
[2019-05-07 오후 1:01:04] Test : About
[2019-05-07 오후 1:01:11] Test : About
[2019-05-07 오후 1:01:18] Test : About
[2019-05-07 오후 1:01:25] Test : About
[2019-05-07 오후 1:01:32] Test : About
[2019-05-07 오후 1:01:39] Test : About
